<?xml version="1.0" encoding="UTF-8"?>
<!-- Generated by org.testng.reporters.JUnitReportReporter -->
<testsuite hostname="5CD12778NZ" failures="0" tests="11" name="HomePageTest" time="183.471" errors="1" timestamp="2025-07-07T10:33:29 IST" skipped="10">
  <testcase classname="HomePageTest" name="SetUp" time="183.471">
    <error message="java.util.concurrent.TimeoutException
Build info: version: &#039;4.22.0&#039;, revision: &#039;c5f3146703*&#039;
System info: os.name: &#039;Windows 11&#039;, os.arch: &#039;amd64&#039;, os.version: &#039;10.0&#039;, java.version: &#039;17.0.8.1&#039;
Driver info: org.openqa.selenium.chrome.ChromeDriver
Command: [2d754234a33e97a413561a78366384d4, get {url=https://www.ebay.com/}]
Capabilities {acceptInsecureCerts: false, browserName: chrome, browserVersion: 138.0.7204.97, chrome: {chromedriverVersion: 138.0.7204.49 (d2b48fd5f781..., userDataDir: C:\Users\61073077\AppData\L...}, fedcm:accounts: true, goog:chromeOptions: {debuggerAddress: localhost:60781}, networkConnectionEnabled: false, pageLoadStrategy: normal, platformName: windows, proxy: Proxy(), se:cdp: ws://localhost:60781/devtoo..., se:cdpVersion: 138.0.7204.97, setWindowRect: true, strictFileInteractability: false, timeouts: {implicit: 0, pageLoad: 300000, script: 30000}, unhandledPromptBehavior: dismiss and notify, webauthn:extension:credBlob: true, webauthn:extension:largeBlob: true, webauthn:extension:minPinLength: true, webauthn:extension:prf: true, webauthn:virtualAuthenticators: true}
Session ID: 2d754234a33e97a413561a78366384d4" type="org.openqa.selenium.TimeoutException">
      <![CDATA[org.openqa.selenium.TimeoutException: java.util.concurrent.TimeoutException
Build info: version: '4.22.0', revision: 'c5f3146703*'
System info: os.name: 'Windows 11', os.arch: 'amd64', os.version: '10.0', java.version: '17.0.8.1'
Driver info: org.openqa.selenium.chrome.ChromeDriver
Command: [2d754234a33e97a413561a78366384d4, get {url=https://www.ebay.com/}]
Capabilities {acceptInsecureCerts: false, browserName: chrome, browserVersion: 138.0.7204.97, chrome: {chromedriverVersion: 138.0.7204.49 (d2b48fd5f781..., userDataDir: C:\Users\61073077\AppData\L...}, fedcm:accounts: true, goog:chromeOptions: {debuggerAddress: localhost:60781}, networkConnectionEnabled: false, pageLoadStrategy: normal, platformName: windows, proxy: Proxy(), se:cdp: ws://localhost:60781/devtoo..., se:cdpVersion: 138.0.7204.97, setWindowRect: true, strictFileInteractability: false, timeouts: {implicit: 0, pageLoad: 300000, script: 30000}, unhandledPromptBehavior: dismiss and notify, webauthn:extension:credBlob: true, webauthn:extension:largeBlob: true, webauthn:extension:minPinLength: true, webauthn:extension:prf: true, webauthn:virtualAuthenticators: true}
Session ID: 2d754234a33e97a413561a78366384d4
at org.openqa.selenium.remote.http.jdk.JdkHttpClient.execute0(JdkHttpClient.java:399)
at org.openqa.selenium.remote.http.AddSeleniumUserAgent.lambda$apply$0(AddSeleniumUserAgent.java:42)
at org.openqa.selenium.remote.http.Filter.lambda$andFinally$1(Filter.java:55)
at org.openqa.selenium.remote.http.jdk.JdkHttpClient.execute(JdkHttpClient.java:355)
at org.openqa.selenium.remote.HttpCommandExecutor.execute(HttpCommandExecutor.java:187)
at org.openqa.selenium.remote.service.DriverCommandExecutor.invokeExecute(DriverCommandExecutor.java:216)
at org.openqa.selenium.remote.service.DriverCommandExecutor.execute(DriverCommandExecutor.java:174)
at org.openqa.selenium.remote.RemoteWebDriver.execute(RemoteWebDriver.java:518)
at org.openqa.selenium.remote.RemoteWebDriver.get(RemoteWebDriver.java:300)
at com.ebay.base.Base.Initialization(Base.java:57)
at HomePageTest.SetUp(HomePageTest.java:36)
at java.base/jdk.internal.reflect.NativeMethodAccessorImpl.invoke0(Native Method)
at java.base/jdk.internal.reflect.NativeMethodAccessorImpl.invoke(NativeMethodAccessorImpl.java:77)
at java.base/jdk.internal.reflect.DelegatingMethodAccessorImpl.invoke(DelegatingMethodAccessorImpl.java:43)
at java.base/java.lang.reflect.Method.invoke(Method.java:568)
at org.testng.internal.MethodInvocationHelper.invokeMethod(MethodInvocationHelper.java:133)
at org.testng.internal.MethodInvocationHelper.invokeMethodConsideringTimeout(MethodInvocationHelper.java:62)
at org.testng.internal.ConfigInvoker.invokeConfigurationMethod(ConfigInvoker.java:385)
at org.testng.internal.ConfigInvoker.invokeConfigurations(ConfigInvoker.java:321)
at org.testng.SuiteRunner.privateRun(SuiteRunner.java:317)
at org.testng.SuiteRunner.run(SuiteRunner.java:276)
at org.testng.SuiteRunnerWorker.runSuite(SuiteRunnerWorker.java:53)
at org.testng.SuiteRunnerWorker.run(SuiteRunnerWorker.java:96)
at org.testng.TestNG.runSuitesSequentially(TestNG.java:1212)
at org.testng.TestNG.runSuitesLocally(TestNG.java:1134)
at org.testng.TestNG.runSuites(TestNG.java:1063)
at org.testng.TestNG.run(TestNG.java:1031)
at org.testng.remote.AbstractRemoteTestNG.run(AbstractRemoteTestNG.java:115)
at org.testng.remote.RemoteTestNG.initAndRun(RemoteTestNG.java:293)
at org.testng.remote.RemoteTestNG.main(RemoteTestNG.java:91)
Caused by: java.util.concurrent.TimeoutException
at java.base/java.util.concurrent.CompletableFuture.timedGet(CompletableFuture.java:1960)
at java.base/java.util.concurrent.CompletableFuture.get(CompletableFuture.java:2095)
at org.openqa.selenium.remote.http.jdk.JdkHttpClient.execute0(JdkHttpClient.java:382)
... 29 more
]]>
    </error>
  </testcase> <!-- SetUp -->
  <system-out/>
  <testcase classname="HomePageTest" name="TestIsEbayLogoDisplayed" time="0.000">
    <skipped/>
  </testcase> <!-- TestIsEbayLogoDisplayed -->
  <system-out/>
  <testcase classname="HomePageTest" name="TestIsSearchInputFieldDisplayed" time="0.000">
    <skipped/>
  </testcase> <!-- TestIsSearchInputFieldDisplayed -->
  <system-out/>
  <testcase classname="HomePageTest" name="TestWithoutEnterTextClickOnSearchIcon" time="0.000">
    <skipped/>
  </testcase> <!-- TestWithoutEnterTextClickOnSearchIcon -->
  <system-out/>
  <testcase classname="HomePageTest" name="CheckResultDisplayingAfterEnteringText" time="0.000">
    <skipped/>
  </testcase> <!-- CheckResultDisplayingAfterEnteringText -->
  <system-out/>
  <testcase classname="HomePageTest" name="CheckTopNavigationBarLinks" time="0.000">
    <skipped/>
  </testcase> <!-- CheckTopNavigationBarLinks -->
  <system-out/>
  <testcase classname="HomePageTest" name="TestLinkCorrectlyRedirecting" time="0.000">
    <skipped/>
  </testcase> <!-- TestLinkCorrectlyRedirecting -->
  <system-out/>
  <testcase classname="HomePageTest" name="CheckSignInOption" time="0.000">
    <skipped/>
  </testcase> <!-- CheckSignInOption -->
  <system-out/>
  <testcase classname="HomePageTest" name="CheckCartIcon" time="0.000">
    <skipped/>
  </testcase> <!-- CheckCartIcon -->
  <system-out/>
  <testcase classname="HomePageTest" name="TestShopByCategories_Headings" time="0.000">
    <skipped/>
  </testcase> <!-- TestShopByCategories_Headings -->
  <system-out/>
  <testcase classname="HomePageTest" name="TestFooterLinks" time="0.000">
    <skipped/>
  </testcase> <!-- TestFooterLinks -->
  <system-out/>
</testsuite> <!-- HomePageTest -->
