<?xml version="1.0" encoding="UTF-8"?>
<!-- Generated by org.testng.reporters.JUnitXMLReporter -->
<testsuite ignored="0" hostname="5CD12778NZ" failures="0" tests="11" name="EbayTests" time="0.09" errors="0" timestamp="2025-07-07T10:00:31 IST">
  <testcase classname="HomePageTest" name="@BeforeSuite SetUp" time="182.739">
    <failure type="org.openqa.selenium.TimeoutException" message="java.util.concurrent.TimeoutException
Build info: version: &amp;apos;4.22.0&amp;apos;, revision: &amp;apos;c5f3146703*&amp;apos;
System info: os.name: &amp;apos;Windows 11&amp;apos;, os.arch: &amp;apos;amd64&amp;apos;, os.version: &amp;apos;10.0&amp;apos;, java.version: &amp;apos;17.0.8.1&amp;apos;
Driver info: org.openqa.selenium.chrome.ChromeDriver
Command: [abc38864e98547b9c3a875e471895aff, get {url=https://www.ebay.com/}]
Capabilities {acceptInsecureCerts: false, browserName: chrome, browserVersion: 138.0.7204.97, chrome: {chromedriverVersion: 138.0.7204.49 (d2b48fd5f781..., userDataDir: C:\Users\61073077\AppData\L...}, fedcm:accounts: true, goog:chromeOptions: {debuggerAddress: localhost:53676}, networkConnectionEnabled: false, pageLoadStrategy: normal, platformName: windows, proxy: Proxy(), se:cdp: ws://localhost:53676/devtoo..., se:cdpVersion: 138.0.7204.97, setWindowRect: true, strictFileInteractability: false, timeouts: {implicit: 0, pageLoad: 300000, script: 30000}, unhandledPromptBehavior: dismiss and notify, webauthn:extension:credBlob: true, webauthn:extension:largeBlob: true, webauthn:extension:minPinLength: true, webauthn:extension:prf: true, webauthn:virtualAuthenticators: true}
Session ID: abc38864e98547b9c3a875e471895aff">
      <![CDATA[org.openqa.selenium.TimeoutException: java.util.concurrent.TimeoutException
Build info: version: '4.22.0', revision: 'c5f3146703*'
System info: os.name: 'Windows 11', os.arch: 'amd64', os.version: '10.0', java.version: '17.0.8.1'
Driver info: org.openqa.selenium.chrome.ChromeDriver
Command: [abc38864e98547b9c3a875e471895aff, get {url=https://www.ebay.com/}]
Capabilities {acceptInsecureCerts: false, browserName: chrome, browserVersion: 138.0.7204.97, chrome: {chromedriverVersion: 138.0.7204.49 (d2b48fd5f781..., userDataDir: C:\Users\61073077\AppData\L...}, fedcm:accounts: true, goog:chromeOptions: {debuggerAddress: localhost:53676}, networkConnectionEnabled: false, pageLoadStrategy: normal, platformName: windows, proxy: Proxy(), se:cdp: ws://localhost:53676/devtoo..., se:cdpVersion: 138.0.7204.97, setWindowRect: true, strictFileInteractability: false, timeouts: {implicit: 0, pageLoad: 300000, script: 30000}, unhandledPromptBehavior: dismiss and notify, webauthn:extension:credBlob: true, webauthn:extension:largeBlob: true, webauthn:extension:minPinLength: true, webauthn:extension:prf: true, webauthn:virtualAuthenticators: true}
Session ID: abc38864e98547b9c3a875e471895aff
at org.openqa.selenium.remote.http.jdk.JdkHttpClient.execute0(JdkHttpClient.java:399)
at org.openqa.selenium.remote.http.AddSeleniumUserAgent.lambda$apply$0(AddSeleniumUserAgent.java:42)
at org.openqa.selenium.remote.http.Filter.lambda$andFinally$1(Filter.java:55)
at org.openqa.selenium.remote.http.jdk.JdkHttpClient.execute(JdkHttpClient.java:355)
at org.openqa.selenium.remote.HttpCommandExecutor.execute(HttpCommandExecutor.java:187)
at org.openqa.selenium.remote.service.DriverCommandExecutor.invokeExecute(DriverCommandExecutor.java:216)
at org.openqa.selenium.remote.service.DriverCommandExecutor.execute(DriverCommandExecutor.java:174)
at org.openqa.selenium.remote.RemoteWebDriver.execute(RemoteWebDriver.java:518)
at org.openqa.selenium.remote.RemoteWebDriver.get(RemoteWebDriver.java:300)
at com.ebay.base.Base.Initialization(Base.java:62)
at HomePageTest.SetUp(HomePageTest.java:36)
Caused by: java.util.concurrent.TimeoutException
at java.base/java.util.concurrent.CompletableFuture.timedGet(CompletableFuture.java:1960)
at java.base/java.util.concurrent.CompletableFuture.get(CompletableFuture.java:2095)
at org.openqa.selenium.remote.http.jdk.JdkHttpClient.execute0(JdkHttpClient.java:382)
... 29 more
... Removed 19 stack frames]]>
    </failure>
  </testcase> <!-- @BeforeSuite SetUp -->
  <testcase classname="SignUpTest" name="@BeforeSuite SetUp" time="-1.751862630892E9">
    <skipped/>
  </testcase> <!-- @BeforeSuite SetUp -->
  <testcase classname="SignUpTest" name="ClickSignUpButton" time="0.0">
    <skipped/>
  </testcase> <!-- ClickSignUpButton -->
  <testcase classname="HomePageTest" name="TestIsEbayLogoDisplayed" time="0.0">
    <skipped/>
  </testcase> <!-- TestIsEbayLogoDisplayed -->
  <testcase classname="HomePageTest" name="TestIsSearchInputFieldDisplayed" time="0.0">
    <skipped/>
  </testcase> <!-- TestIsSearchInputFieldDisplayed -->
  <testcase classname="HomePageTest" name="TestWithoutEnterTextClickOnSearchIcon" time="0.0">
    <skipped/>
  </testcase> <!-- TestWithoutEnterTextClickOnSearchIcon -->
  <testcase classname="HomePageTest" name="CheckResultDisplayingAfterEnteringText" time="0.0">
    <skipped/>
  </testcase> <!-- CheckResultDisplayingAfterEnteringText -->
  <testcase classname="HomePageTest" name="CheckTopNavigationBarLinks" time="0.0">
    <skipped/>
  </testcase> <!-- CheckTopNavigationBarLinks -->
  <testcase classname="HomePageTest" name="TestLinkCorrectlyRedirecting" time="0.0">
    <skipped/>
  </testcase> <!-- TestLinkCorrectlyRedirecting -->
  <testcase classname="HomePageTest" name="CheckSignInOption" time="0.0">
    <skipped/>
  </testcase> <!-- CheckSignInOption -->
  <testcase classname="HomePageTest" name="CheckCartIcon" time="0.0">
    <skipped/>
  </testcase> <!-- CheckCartIcon -->
  <testcase classname="HomePageTest" name="TestShopByCategories_Headings" time="0.0">
    <skipped/>
  </testcase> <!-- TestShopByCategories_Headings -->
  <testcase classname="HomePageTest" name="TestFooterLinks" time="0.0">
    <skipped/>
  </testcase> <!-- TestFooterLinks -->
</testsuite> <!-- EbayTests -->
