<?xml version="1.0" encoding="UTF-8"?>
<!-- Generated by org.testng.reporters.JUnitXMLReporter -->
<testsuite ignored="0" hostname="5CD12778NZ" failures="1" tests="15" name="HomePage Test" time="235.17" errors="0" timestamp="2025-07-26T16:47:42 IST">
  <testcase classname="com.ebay.Tests.SearchResultTest" name="VerifySearchResultAfterEnteringText" time="10.743"/>
  <testcase classname="com.ebay.Tests.SearchResultTest" name="VerifySearchResultAfterEnteringInvalidText" time="9.393"/>
  <testcase classname="com.ebay.Tests.SearchResultTest" name="VerifySortingFunctionalityFromLowestToHighest" time="8.57"/>
  <testcase classname="com.ebay.Tests.SearchResultTest" name="VerifyPagination" time="98.675"/>
  <testcase classname="com.ebay.Tests.HomePageTest" name="TestIsEbayLogoDisplayed" time="2.089"/>
  <testcase classname="com.ebay.Tests.HomePageTest" name="TestIsSearchInputFieldDisplayed" time="0.098"/>
  <testcase classname="com.ebay.Tests.HomePageTest" name="TestWithoutEnterTextClickOnSearchIcon" time="33.219">
    <failure type="org.openqa.selenium.NoSuchElementException" message="no such element: Unable to locate element: {&amp;quot;method&amp;quot;:&amp;quot;xpath&amp;quot;,&amp;quot;selector&amp;quot;:&amp;quot;//h2[text()=&amp;apos;eBay Motors&amp;apos;]&amp;quot;}
  (Session info: chrome=138.0.7204.169)
For documentation on this error, please visit: https://www.selenium.dev/documentation/webdriver/troubleshooting/errors#no-such-element-exception
Build info: version: &amp;apos;4.22.0&amp;apos;, revision: &amp;apos;c5f3146703*&amp;apos;
System info: os.name: &amp;apos;Windows 11&amp;apos;, os.arch: &amp;apos;amd64&amp;apos;, os.version: &amp;apos;10.0&amp;apos;, java.version: &amp;apos;17.0.8.1&amp;apos;
Driver info: org.openqa.selenium.chrome.ChromeDriver
Command: [c0ae682b1c7e59d3696f1ad0d65edbb9, findElement {value=//h2[text()=&amp;apos;eBay Motors&amp;apos;], using=xpath}]
Capabilities {acceptInsecureCerts: false, browserName: chrome, browserVersion: 138.0.7204.169, chrome: {chromedriverVersion: 138.0.7204.49 (d2b48fd5f781..., userDataDir: C:\Users\61073077\AppData\L...}, fedcm:accounts: true, goog:chromeOptions: {debuggerAddress: localhost:63861}, networkConnectionEnabled: false, pageLoadStrategy: none, platformName: windows, proxy: Proxy(), se:cdp: ws://localhost:63861/devtoo..., se:cdpVersion: 138.0.7204.169, setWindowRect: true, strictFileInteractability: false, timeouts: {implicit: 0, pageLoad: 300000, script: 30000}, unhandledPromptBehavior: dismiss and notify, webauthn:extension:credBlob: true, webauthn:extension:largeBlob: true, webauthn:extension:minPinLength: true, webauthn:extension:prf: true, webauthn:virtualAuthenticators: true}
Session ID: c0ae682b1c7e59d3696f1ad0d65edbb9">
      <![CDATA[org.openqa.selenium.NoSuchElementException: no such element: Unable to locate element: {"method":"xpath","selector":"//h2[text()='eBay Motors']"}
  (Session info: chrome=138.0.7204.169)
For documentation on this error, please visit: https://www.selenium.dev/documentation/webdriver/troubleshooting/errors#no-such-element-exception
Build info: version: '4.22.0', revision: 'c5f3146703*'
System info: os.name: 'Windows 11', os.arch: 'amd64', os.version: '10.0', java.version: '17.0.8.1'
Driver info: org.openqa.selenium.chrome.ChromeDriver
Command: [c0ae682b1c7e59d3696f1ad0d65edbb9, findElement {value=//h2[text()='eBay Motors'], using=xpath}]
Capabilities {acceptInsecureCerts: false, browserName: chrome, browserVersion: 138.0.7204.169, chrome: {chromedriverVersion: 138.0.7204.49 (d2b48fd5f781..., userDataDir: C:\Users\61073077\AppData\L...}, fedcm:accounts: true, goog:chromeOptions: {debuggerAddress: localhost:63861}, networkConnectionEnabled: false, pageLoadStrategy: none, platformName: windows, proxy: Proxy(), se:cdp: ws://localhost:63861/devtoo..., se:cdpVersion: 138.0.7204.169, setWindowRect: true, strictFileInteractability: false, timeouts: {implicit: 0, pageLoad: 300000, script: 30000}, unhandledPromptBehavior: dismiss and notify, webauthn:extension:credBlob: true, webauthn:extension:largeBlob: true, webauthn:extension:minPinLength: true, webauthn:extension:prf: true, webauthn:virtualAuthenticators: true}
Session ID: c0ae682b1c7e59d3696f1ad0d65edbb9
at org.openqa.selenium.remote.ErrorCodec.decode(ErrorCodec.java:167)
at org.openqa.selenium.remote.codec.w3c.W3CHttpResponseCodec.decode(W3CHttpResponseCodec.java:138)
at org.openqa.selenium.remote.codec.w3c.W3CHttpResponseCodec.decode(W3CHttpResponseCodec.java:50)
at org.openqa.selenium.remote.HttpCommandExecutor.execute(HttpCommandExecutor.java:190)
at org.openqa.selenium.remote.service.DriverCommandExecutor.invokeExecute(DriverCommandExecutor.java:216)
at org.openqa.selenium.remote.service.DriverCommandExecutor.execute(DriverCommandExecutor.java:174)
at org.openqa.selenium.remote.RemoteWebDriver.execute(RemoteWebDriver.java:518)
at org.openqa.selenium.remote.ElementLocation$ElementFinder$2.findElement(ElementLocation.java:165)
at org.openqa.selenium.remote.ElementLocation.findElement(ElementLocation.java:59)
at org.openqa.selenium.remote.RemoteWebDriver.findElement(RemoteWebDriver.java:355)
at org.openqa.selenium.remote.RemoteWebDriver.findElement(RemoteWebDriver.java:349)
at org.openqa.selenium.support.pagefactory.DefaultElementLocator.findElement(DefaultElementLocator.java:68)
at org.openqa.selenium.support.pagefactory.internal.LocatingElementHandler.invoke(LocatingElementHandler.java:38)
at jdk.proxy2/jdk.proxy2.$Proxy13.getText(Unknown Source)
at com.ebay.pages.HomePage.ClickSearchIconWithoutEnteringText(HomePage.java:135)
at com.ebay.Tests.HomePageTest.TestWithoutEnterTextClickOnSearchIcon(HomePageTest.java:69)
at java.base/java.util.ArrayList.forEach(ArrayList.java:1511)
... Removed 32 stack frames]]>
    </failure>
  </testcase> <!-- TestWithoutEnterTextClickOnSearchIcon -->
  <testcase classname="com.ebay.Tests.HomePageTest" name="CheckResultDisplayingAfterEnteringText" time="13.41"/>
  <testcase classname="com.ebay.Tests.HomePageTest" name="CheckTopNavigationBarLinks" time="0.184"/>
  <testcase classname="com.ebay.Tests.HomePageTest" name="TestLinkCorrectlyRedirecting" time="0.832"/>
  <testcase classname="com.ebay.Tests.HomePageTest" name="CheckSignInOption" time="2.958"/>
  <testcase classname="com.ebay.Tests.HomePageTest" name="CheckCartIcon" time="0.067"/>
  <testcase classname="com.ebay.Tests.HomePageTest" name="TestShopByCategories_Headings" time="36.145"/>
  <testcase classname="com.ebay.Tests.HomePageTest" name="TestFooterLinks" time="5.199"/>
  <testcase classname="com.ebay.Tests.SignUpTest" name="ClickSignUpButton" time="13.356"/>
</testsuite> <!-- HomePage Test -->
